<?xml version="1.0" encoding="UTF-8"?>
<coverage generated="1770388228588" clover="3.2.0">
  <project timestamp="1770388228588" name="All files">
    <metrics statements="27" coveredstatements="27" conditionals="29" coveredconditionals="28" methods="4" coveredmethods="4" elements="60" coveredelements="59" complexity="0" loc="27" ncloc="27" packages="1" files="1" classes="1"/>
    <file name="validator.js" path="D:\Ynov\Projets\Fil-rouge-TDD\validator.js">
      <metrics statements="27" coveredstatements="27" conditionals="29" coveredconditionals="28" methods="4" coveredmethods="4"/>
      <line num="2" count="8" type="cond" truecount="2" falsecount="0"/>
      <line num="3" count="6" type="cond" truecount="2" falsecount="0"/>
      <line num="4" count="5" type="stmt"/>
      <line num="5" count="5" type="cond" truecount="4" falsecount="0"/>
      <line num="6" count="3" type="stmt"/>
      <line num="7" count="3" type="cond" truecount="2" falsecount="0"/>
      <line num="8" count="2" type="stmt"/>
      <line num="9" count="2" type="stmt"/>
      <line num="10" count="2" type="cond" truecount="4" falsecount="1"/>
      <line num="11" count="2" type="stmt"/>
      <line num="13" count="2" type="stmt"/>
      <line num="17" count="7" type="cond" truecount="2" falsecount="0"/>
      <line num="18" count="5" type="cond" truecount="2" falsecount="0"/>
      <line num="19" count="4" type="stmt"/>
      <line num="23" count="11" type="cond" truecount="2" falsecount="0"/>
      <line num="24" count="9" type="cond" truecount="2" falsecount="0"/>
      <line num="26" count="8" type="cond" truecount="2" falsecount="0"/>
      <line num="28" count="6" type="stmt"/>
      <line num="29" count="6" type="stmt"/>
      <line num="33" count="6" type="cond" truecount="2" falsecount="0"/>
      <line num="34" count="4" type="cond" truecount="2" falsecount="0"/>
      <line num="35" count="3" type="stmt"/>
      <line num="36" count="3" type="stmt"/>
      <line num="40" count="1" type="stmt"/>
      <line num="41" count="1" type="stmt"/>
      <line num="42" count="1" type="stmt"/>
      <line num="43" count="1" type="stmt"/>
    </file>
  </project>
</coverage>
