{"D:\\Ynov\\Projets\\Fil-rouge-TDD\\validator.js": {"path":"D:\\Ynov\\Projets\\Fil-rouge-TDD\\validator.js","statementMap":{"0":{"start":{"line":2,"column":1},"end":{"line":2,"column":50}},"1":{"start":{"line":2,"column":16},"end":{"line":2,"column":50}},"2":{"start":{"line":3,"column":1},"end":{"line":3,"column":47}},"3":{"start":{"line":3,"column":15},"end":{"line":3,"column":47}},"4":{"start":{"line":4,"column":15},"end":{"line":4,"column":22}},"5":{"start":{"line":5,"column":1},"end":{"line":5,"column":102}},"6":{"start":{"line":5,"column":57},"end":{"line":5,"column":102}},"7":{"start":{"line":6,"column":13},"end":{"line":6,"column":23}},"8":{"start":{"line":7,"column":1},"end":{"line":7,"column":84}},"9":{"start":{"line":7,"column":38},"end":{"line":7,"column":84}},"10":{"start":{"line":8,"column":11},"end":{"line":8,"column":50}},"11":{"start":{"line":9,"column":11},"end":{"line":9,"column":44}},"12":{"start":{"line":10,"column":1},"end":{"line":12,"column":2}},"13":{"start":{"line":11,"column":2},"end":{"line":11,"column":7}},"14":{"start":{"line":13,"column":1},"end":{"line":13,"column":11}},"15":{"start":{"line":17,"column":1},"end":{"line":17,"column":50}},"16":{"start":{"line":17,"column":16},"end":{"line":17,"column":50}},"17":{"start":{"line":18,"column":1},"end":{"line":18,"column":40}},"18":{"start":{"line":18,"column":28},"end":{"line":18,"column":40}},"19":{"start":{"line":19,"column":1},"end":{"line":19,"column":28}},"20":{"start":{"line":23,"column":1},"end":{"line":23,"column":50}},"21":{"start":{"line":23,"column":16},"end":{"line":23,"column":50}},"22":{"start":{"line":24,"column":1},"end":{"line":24,"column":40}},"23":{"start":{"line":24,"column":28},"end":{"line":24,"column":40}},"24":{"start":{"line":26,"column":1},"end":{"line":26,"column":33}},"25":{"start":{"line":26,"column":21},"end":{"line":26,"column":33}},"26":{"start":{"line":28,"column":12},"end":{"line":28,"column":28}},"27":{"start":{"line":29,"column":1},"end":{"line":29,"column":18}},"28":{"start":{"line":33,"column":1},"end":{"line":33,"column":50}},"29":{"start":{"line":33,"column":16},"end":{"line":33,"column":50}},"30":{"start":{"line":34,"column":1},"end":{"line":34,"column":40}},"31":{"start":{"line":34,"column":28},"end":{"line":34,"column":40}},"32":{"start":{"line":35,"column":12},"end":{"line":35,"column":40}},"33":{"start":{"line":36,"column":1},"end":{"line":36,"column":18}},"34":{"start":{"line":40,"column":0},"end":{"line":40,"column":34}},"35":{"start":{"line":41,"column":0},"end":{"line":41,"column":30}},"36":{"start":{"line":42,"column":0},"end":{"line":42,"column":28}},"37":{"start":{"line":43,"column":0},"end":{"line":43,"column":20}}},"fnMap":{"0":{"name":"calculateAge","decl":{"start":{"line":1,"column":9},"end":{"line":1,"column":21}},"loc":{"start":{"line":1,"column":25},"end":{"line":14,"column":1}},"line":1},"1":{"name":"codePostal","decl":{"start":{"line":16,"column":9},"end":{"line":16,"column":19}},"loc":{"start":{"line":16,"column":23},"end":{"line":20,"column":1}},"line":16},"2":{"name":"nomPrenom","decl":{"start":{"line":22,"column":9},"end":{"line":22,"column":18}},"loc":{"start":{"line":22,"column":22},"end":{"line":30,"column":1}},"line":22},"3":{"name":"email","decl":{"start":{"line":32,"column":9},"end":{"line":32,"column":14}},"loc":{"start":{"line":32,"column":18},"end":{"line":37,"column":1}},"line":32}},"branchMap":{"0":{"loc":{"start":{"line":2,"column":1},"end":{"line":2,"column":50}},"type":"if","locations":[{"start":{"line":2,"column":1},"end":{"line":2,"column":50}},{"start":{},"end":{}}],"line":2},"1":{"loc":{"start":{"line":3,"column":1},"end":{"line":3,"column":47}},"type":"if","locations":[{"start":{"line":3,"column":1},"end":{"line":3,"column":47}},{"start":{},"end":{}}],"line":3},"2":{"loc":{"start":{"line":5,"column":1},"end":{"line":5,"column":102}},"type":"if","locations":[{"start":{"line":5,"column":1},"end":{"line":5,"column":102}},{"start":{},"end":{}}],"line":5},"3":{"loc":{"start":{"line":5,"column":5},"end":{"line":5,"column":55}},"type":"binary-expr","locations":[{"start":{"line":5,"column":5},"end":{"line":5,"column":29}},{"start":{"line":5,"column":33},"end":{"line":5,"column":55}}],"line":5},"4":{"loc":{"start":{"line":7,"column":1},"end":{"line":7,"column":84}},"type":"if","locations":[{"start":{"line":7,"column":1},"end":{"line":7,"column":84}},{"start":{},"end":{}}],"line":7},"5":{"loc":{"start":{"line":10,"column":1},"end":{"line":12,"column":2}},"type":"if","locations":[{"start":{"line":10,"column":1},"end":{"line":12,"column":2}},{"start":{},"end":{}}],"line":10},"6":{"loc":{"start":{"line":10,"column":5},"end":{"line":10,"column":58}},"type":"binary-expr","locations":[{"start":{"line":10,"column":5},"end":{"line":10,"column":10}},{"start":{"line":10,"column":15},"end":{"line":10,"column":22}},{"start":{"line":10,"column":26},"end":{"line":10,"column":57}}],"line":10},"7":{"loc":{"start":{"line":17,"column":1},"end":{"line":17,"column":50}},"type":"if","locations":[{"start":{"line":17,"column":1},"end":{"line":17,"column":50}},{"start":{},"end":{}}],"line":17},"8":{"loc":{"start":{"line":18,"column":1},"end":{"line":18,"column":40}},"type":"if","locations":[{"start":{"line":18,"column":1},"end":{"line":18,"column":40}},{"start":{},"end":{}}],"line":18},"9":{"loc":{"start":{"line":23,"column":1},"end":{"line":23,"column":50}},"type":"if","locations":[{"start":{"line":23,"column":1},"end":{"line":23,"column":50}},{"start":{},"end":{}}],"line":23},"10":{"loc":{"start":{"line":24,"column":1},"end":{"line":24,"column":40}},"type":"if","locations":[{"start":{"line":24,"column":1},"end":{"line":24,"column":40}},{"start":{},"end":{}}],"line":24},"11":{"loc":{"start":{"line":26,"column":1},"end":{"line":26,"column":33}},"type":"if","locations":[{"start":{"line":26,"column":1},"end":{"line":26,"column":33}},{"start":{},"end":{}}],"line":26},"12":{"loc":{"start":{"line":33,"column":1},"end":{"line":33,"column":50}},"type":"if","locations":[{"start":{"line":33,"column":1},"end":{"line":33,"column":50}},{"start":{},"end":{}}],"line":33},"13":{"loc":{"start":{"line":34,"column":1},"end":{"line":34,"column":40}},"type":"if","locations":[{"start":{"line":34,"column":1},"end":{"line":34,"column":40}},{"start":{},"end":{}}],"line":34}},"s":{"0":8,"1":2,"2":6,"3":1,"4":5,"5":5,"6":2,"7":3,"8":3,"9":1,"10":2,"11":2,"12":2,"13":2,"14":2,"15":7,"16":2,"17":5,"18":1,"19":4,"20":11,"21":2,"22":9,"23":1,"24":8,"25":2,"26":6,"27":6,"28":6,"29":2,"30":4,"31":1,"32":3,"33":3,"34":1,"35":1,"36":1,"37":1},"f":{"0":8,"1":7,"2":11,"3":6},"b":{"0":[2,6],"1":[1,5],"2":[2,3],"3":[5,4],"4":[1,2],"5":[2,0],"6":[2,1,1],"7":[2,5],"8":[1,4],"9":[2,9],"10":[1,8],"11":[2,6],"12":[2,4],"13":[1,3]},"_coverageSchema":"1a1c01bbd47fc00a2c39e90264f33305004495a9","hash":"72c2b73e179080fbe0336d15f5ffd7fc6c7de63c"}
}
