TN:
SF:validator.js
FN:1,calculateAge
FN:16,codePostal
FN:22,nomPrenom
FN:32,email
FNF:4
FNH:4
FNDA:8,calculateAge
FNDA:7,codePostal
FNDA:11,nomPrenom
FNDA:6,email
DA:2,8
DA:3,6
DA:4,5
DA:5,5
DA:6,3
DA:7,3
DA:8,2
DA:9,2
DA:10,2
DA:11,2
DA:13,2
DA:17,7
DA:18,5
DA:19,4
DA:23,11
DA:24,9
DA:26,8
DA:28,6
DA:29,6
DA:33,6
DA:34,4
DA:35,3
DA:36,3
DA:40,1
DA:41,1
DA:42,1
DA:43,1
LF:27
LH:27
BRDA:2,0,0,2
BRDA:2,0,1,6
BRDA:3,1,0,1
BRDA:3,1,1,5
BRDA:5,2,0,2
BRDA:5,2,1,3
BRDA:5,3,0,5
BRDA:5,3,1,4
BRDA:7,4,0,1
BRDA:7,4,1,2
BRDA:10,5,0,2
BRDA:10,5,1,0
BRDA:10,6,0,2
BRDA:10,6,1,1
BRDA:10,6,2,1
BRDA:17,7,0,2
BRDA:17,7,1,5
BRDA:18,8,0,1
BRDA:18,8,1,4
BRDA:23,9,0,2
BRDA:23,9,1,9
BRDA:24,10,0,1
BRDA:24,10,1,8
BRDA:26,11,0,2
BRDA:26,11,1,6
BRDA:33,12,0,2
BRDA:33,12,1,4
BRDA:34,13,0,1
BRDA:34,13,1,3
BRF:29
BRH:28
end_of_record
